<?xml version="1.0" encoding="UTF-8"?>
<testsuite xmlns:xsi="http://www.w3.org/2001/XMLSchema-instance" xsi:noNamespaceSchemaLocation="https://maven.apache.org/surefire/maven-surefire-plugin/xsd/surefire-test-report.xsd" version="3.0.2" name="hu.uni.neumann.forexapp.BeadandoEaApplicationTests" time="2.921" tests="1" errors="0" skipped="0" failures="0">
  <properties>
[...]
</properties>
  <testcase name="contextLoads" classname="hu.uni.neumann.forexapp.BeadandoEaApplicationTests" time="0.558">
    <system-out><![CDATA[16:38:42.260 [main] INFO org.springframework.test.context.support.AnnotationConfigContextLoaderUtils -- Could not detect default configuration classes for test class [hu.uni.neumann.forexapp.BeadandoEaApplicationTests]: BeadandoEaApplicationTests does not declare any static, non-private, non-final, nested classes annotated with @Configuration.
16:38:42.362 [main] INFO org.springframework.boot.test.context.SpringBootTestContextBootstrapper -- Found @SpringBootConfiguration hu.uni.neumann.forexapp.ForexAppApplication for test class hu.uni.neumann.forexapp.BeadandoEaApplicationTests

  .   ____          _            __ _ _
 /\\ / ___'_ __ _ _(_)_ __  __ _ \ \ \ \
( ( )\___ | '_ | '_| | '_ \/ _` | \ \ \ \
 \\/  ___)| |_)| | | | | || (_| |  ) ) ) )
  '  |____| .__|_| |_|_| |_\__, | / / / /
 =========|_|==============|___/=/_/_/_/

 :: Spring Boot ::                (v3.5.7)

2025-11-20T16:38:42.781+01:00  INFO 32184 --- [Beadando_EA] [           main] h.u.n.f.BeadandoEaApplicationTests       : Starting BeadandoEaApplicationTests using Java 25.0.1 with PID 32184 (started by milan in C:\Users\milan\Documents\IntelliJ - Programok\Beadando_EA)
2025-11-20T16:38:42.782+01:00  INFO 32184 --- [Beadando_EA] [           main] h.u.n.f.BeadandoEaApplicationTests       : No active profile set, falling back to 1 default profile: "default"
2025-11-20T16:38:43.776+01:00  INFO 32184 --- [Beadando_EA] [           main] o.s.ws.soap.saaj.SaajSoapMessageFactory  : Creating SAAJ 1.3 MessageFactory with SOAP 1.1 Protocol
2025-11-20T16:38:43.897+01:00  INFO 32184 --- [Beadando_EA] [           main] o.s.b.a.w.s.WelcomePageHandlerMapping    : Adding welcome page template: index
2025-11-20T16:38:44.354+01:00  INFO 32184 --- [Beadando_EA] [           main] .w.s.a.s.AnnotationActionEndpointMapping : Supporting [WS-Addressing August 2004, WS-Addressing 1.0]
2025-11-20T16:38:44.380+01:00  INFO 32184 --- [Beadando_EA] [           main] o.s.b.a.e.web.EndpointLinksResolver      : Exposing 1 endpoint beneath base path '/actuator'
2025-11-20T16:38:44.433+01:00  INFO 32184 --- [Beadando_EA] [           main] h.u.n.f.BeadandoEaApplicationTests       : Started BeadandoEaApplicationTests in 1.944 seconds (process running for 2.796)
]]></system-out>
    <system-err><![CDATA[Mockito is currently self-attaching to enable the inline-mock-maker. This will no longer work in future releases of the JDK. Please add Mockito as an agent to your build as described in Mockito's documentation: https://javadoc.io/doc/org.mockito/mockito-core/latest/org.mockito/org/mockito/Mockito.html#0.3
WARNING: A Java agent has been loaded dynamically (C:\Users\milan\.m2\repository\net\bytebuddy\byte-buddy-agent\1.17.8\byte-buddy-agent-1.17.8.jar)
WARNING: If a serviceability tool is in use, please run with -XX:+EnableDynamicAgentLoading to hide this warning
WARNING: If a serviceability tool is not in use, please run with -Djdk.instrument.traceUsage for more information
WARNING: Dynamic loading of agents will be disallowed by default in a future release
]]></system-err>
  </testcase>
</testsuite>